# JRE version: Java(TM) SE Runtime Environment (8.0_73-b02) (build 1.8.0_73-b02)
# Java VM: Java HotSpot(TM) 64-Bit Server VM (25.73-b02 mixed mode linux-amd64 compressed oops)
Heap:
 PSYoungGen      total 1136640K, used 51841K [0x0000000580100000, 0x00000005cac00000, 0x0000000800000000)
  eden space 1049600K, 4% used [0x0000000580100000,0x00000005833a04b0,0x00000005c0200000)
  from space 87040K, 0% used [0x00000005c5700000,0x00000005c5700000,0x00000005cac00000)
  to   space 87040K, 86% used [0x00000005c0200000,0x00000005c4bd80a8,0x00000005c5700000)
 ParOldGen       total 3109376K, used 1814366K [0x0000000080200000, 0x000000013de80000, 0x0000000580100000)
  object space 3109376K, 58% used [0x0000000080200000,0x00000000eedd7b38,0x000000013de80000)
 Metaspace       used 9314K, capacity 9536K, committed 9728K, reserved 1058816K
  class space    used 1118K, capacity 1202K, committed 1280K, reserved 1048576K
GC Heap History (8 events):
Event: 2.018 GC heap before
{Heap before GC invocations=1 (full 0):
 PSYoungGen      total 611840K, used 524800K [0x0000000580100000, 0x00000005aab80000, 0x0000000800000000)
  eden space 524800K, 100% used [0x0000000580100000,0x00000005a0180000,0x00000005a0180000)
  from space 87040K, 0% used [0x00000005a5680000,0x00000005a5680000,0x00000005aab80000)
  to   space 87040K, 0% used [0x00000005a0180000,0x00000005a0180000,0x00000005a5680000)
 ParOldGen       total 1398272K, used 0K [0x0000000080200000, 0x00000000d5780000, 0x0000000580100000)
  object space 1398272K, 0% used [0x0000000080200000,0x0000000080200000,0x00000000d5780000)
 Metaspace       used 9288K, capacity 9536K, committed 9728K, reserved 1058816K
  class space    used 1117K, capacity 1202K, committed 1280K, reserved 1048576K
Event: 2.568 GC heap after
Heap after GC invocations=1 (full 0):
 PSYoungGen      total 611840K, used 87011K [0x0000000580100000, 0x00000005cac00000, 0x0000000800000000)
  eden space 524800K, 0% used [0x0000000580100000,0x0000000580100000,0x00000005a0180000)
  from space 87040K, 99% used [0x00000005a0180000,0x00000005a5678fa0,0x00000005a5680000)
  to   space 87040K, 0% used [0x00000005c5700000,0x00000005c5700000,0x00000005cac00000)
 ParOldGen       total 1398272K, used 307674K [0x0000000080200000, 0x00000000d5780000, 0x0000000580100000)
  object space 1398272K, 22% used [0x0000000080200000,0x0000000092e769e8,0x00000000d5780000)
 Metaspace       used 9288K, capacity 9536K, committed 9728K, reserved 1058816K
  class space    used 1117K, capacity 1202K, committed 1280K, reserved 1048576K
}
Event: 3.468 GC heap before
{Heap before GC invocations=2 (full 0):
 PSYoungGen      total 611840K, used 611811K [0x0000000580100000, 0x00000005cac00000, 0x0000000800000000)
  eden space 524800K, 100% used [0x0000000580100000,0x00000005a0180000,0x00000005a0180000)
  from space 87040K, 99% used [0x00000005a0180000,0x00000005a5678fa0,0x00000005a5680000)
  to   space 87040K, 0% used [0x00000005c5700000,0x00000005c5700000,0x00000005cac00000)
 ParOldGen       total 1398272K, used 307674K [0x0000000080200000, 0x00000000d5780000, 0x0000000580100000)
  object space 1398272K, 22% used [0x0000000080200000,0x0000000092e769e8,0x00000000d5780000)
 Metaspace       used 9300K, capacity 9536K, committed 9728K, reserved 1058816K
  class space    used 1117K, capacity 1202K, committed 1280K, reserved 1048576K
Event: 6.235 GC heap after
Heap after GC invocations=2 (full 0):
 PSYoungGen      total 1136640K, used 87011K [0x0000000580100000, 0x00000005cac00000, 0x0000000800000000)
  eden space 1049600K, 0% used [0x0000000580100000,0x0000000580100000,0x00000005c0200000)
  from space 87040K, 99% used [0x00000005c5700000,0x00000005cabf8fa0,0x00000005cac00000)
  to   space 87040K, 0% used [0x00000005c0200000,0x00000005c0200000,0x00000005c5700000)
 ParOldGen       total 1398272K, used 804906K [0x0000000080200000, 0x00000000d5780000, 0x0000000580100000)
  object space 1398272K, 57% used [0x0000000080200000,0x00000000b140a9e8,0x00000000d5780000)
 Metaspace       used 9300K, capacity 9536K, committed 9728K, reserved 1058816K
  class space    used 1117K, capacity 1202K, committed 1280K, reserved 1048576K
}
Event: 8.946 GC heap before
{Heap before GC invocations=3 (full 0):
 PSYoungGen      total 1136640K, used 1136611K [0x0000000580100000, 0x00000005cac00000, 0x0000000800000000)
  eden space 1049600K, 100% used [0x0000000580100000,0x00000005c0200000,0x00000005c0200000)
  from space 87040K, 99% used [0x00000005c5700000,0x00000005cabf8fa0,0x00000005cac00000)
  to   space 87040K, 0% used [0x00000005c0200000,0x00000005c0200000,0x00000005c5700000)
 ParOldGen       total 1398272K, used 804906K [0x0000000080200000, 0x00000000d5780000, 0x0000000580100000)
  object space 1398272K, 57% used [0x0000000080200000,0x00000000b140a9e8,0x00000000d5780000)
 Metaspace       used 9313K, capacity 9536K, committed 9728K, reserved 1058816K
  class space    used 1118K, capacity 1202K, committed 1280K, reserved 1048576K
Event: 13.670 GC heap after
Heap after GC invocations=3 (full 0):
 PSYoungGen      total 1136640K, used 1136611K [0x0000000580100000, 0x00000005cac00000, 0x0000000800000000)
  eden space 1049600K, 100% used [0x0000000580100000,0x00000005c0200000,0x00000005c0200000)
  from space 87040K, 99% used [0x00000005c5700000,0x00000005cabf8fa0,0x00000005cac00000)
  to   space 87040K, 99% used [0x00000005c0200000,0x00000005c56fcf90,0x00000005c5700000)
 ParOldGen       total 1814528K, used 1808098K [0x0000000080200000, 0x00000000eee00000, 0x0000000580100000)
  object space 1814528K, 99% used [0x0000000080200000,0x00000000ee7b8a08,0x00000000eee00000)
 Metaspace       used 9313K, capacity 9536K, committed 9728K, reserved 1058816K
  class space    used 1118K, capacity 1202K, committed 1280K, reserved 1048576K
}
Event: 13.671 GC heap before
{Heap before GC invocations=4 (full 1):
 PSYoungGen      total 1136640K, used 1136611K [0x0000000580100000, 0x00000005cac00000, 0x0000000800000000)
  eden space 1049600K, 100% used [0x0000000580100000,0x00000005c0200000,0x00000005c0200000)
  from space 87040K, 99% used [0x00000005c5700000,0x00000005cabf8fa0,0x00000005cac00000)
  to   space 87040K, 99% used [0x00000005c0200000,0x00000005c56fcf90,0x00000005c5700000)
 ParOldGen       total 1814528K, used 1808098K [0x0000000080200000, 0x00000000eee00000, 0x0000000580100000)
  object space 1814528K, 99% used [0x0000000080200000,0x00000000ee7b8a08,0x00000000eee00000)
 Metaspace       used 9313K, capacity 9536K, committed 9728K, reserved 1058816K
  class space    used 1118K, capacity 1202K, committed 1280K, reserved 1048576K
Event: 22.849 GC heap after
Heap after GC invocations=4 (full 1):
 PSYoungGen      total 1136640K, used 0K [0x0000000580100000, 0x00000005cac00000, 0x0000000800000000)
  eden space 1049600K, 0% used [0x0000000580100000,0x0000000580100000,0x00000005c0200000)
  from space 87040K, 0% used [0x00000005c5700000,0x00000005c5700000,0x00000005cac00000)
  to   space 87040K, 86% used [0x00000005c0200000,0x00000005c4bd80a8,0x00000005c5700000)
 ParOldGen       total 3109376K, used 1814366K [0x0000000080200000, 0x000000013de80000, 0x0000000580100000)
  object space 3109376K, 58% used [0x0000000080200000,0x00000000eedd7b38,0x000000013de80000)
 Metaspace       used 9313K, capacity 9536K, committed 9728K, reserved 1058816K
  class space    used 1118K, capacity 1202K, committed 1280K, reserved 1048576K
}

